[01-Apr-2023 00:36:19 UTC] PHP Fatal error:  Uncaught RuntimeException: A facade root has not been set. in /home2/cambridgeedu/test.cambridge.edu.jo/vendor/laravel/framework/src/Illuminate/Support/Facades/Facade.php:335
Stack trace:
#0 /home2/cambridgeedu/test.cambridge.edu.jo/vendor/laravel/framework/src/Illuminate/Foundation/Exceptions/RegisterErrorViewPaths.php(18): Illuminate\Support\Facades\Facade::__callStatic('replaceNamespac...', Array)
#1 /home2/cambridgeedu/test.cambridge.edu.jo/vendor/laravel/framework/src/Illuminate/Foundation/Exceptions/Handler.php(642): Illuminate\Foundation\Exceptions\RegisterErrorViewPaths->__invoke()
#2 /home2/cambridgeedu/test.cambridge.edu.jo/vendor/laravel/framework/src/Illuminate/Foundation/Exceptions/Handler.php(623): Illuminate\Foundation\Exceptions\Handler->registerErrorViewPaths()
#3 /home2/cambridgeedu/test.cambridge.edu.jo/vendor/laravel/framework/src/Illuminate/Foundation/Exceptions/Handler.php(554): Illuminate\Foundation\Exceptions\Handler->renderHttpException(Object(Symfony\Component\HttpKernel\Exception\HttpException))
#4 /home2/cambridgeedu/test.cambridge.edu.jo/vendor/laravel/framework/src/Illuminate/Foundation/Exceptions/Handler.php(460): Illuminate\Foundation\Exceptions\Handler->prepareResponse(Object(Illuminate\Http\Request), Object(Symfony\Component\HttpKernel\Exception\HttpException))
#5 /home2/cambridgeedu/test.cambridge.edu.jo/vendor/laravel/framework/src/Illuminate/Foundation/Exceptions/Handler.php(377): Illuminate\Foundation\Exceptions\Handler->renderExceptionResponse(Object(Illuminate\Http\Request), Object(ParseError))
#6 /home2/cambridgeedu/test.cambridge.edu.jo/vendor/laravel/framework/src/Illuminate/Foundation/Http/Kernel.php(493): Illuminate\Foundation\Exceptions\Handler->render(Object(Illuminate\Http\Request), Object(ParseError))
#7 /home2/cambridgeedu/test.cambridge.edu.jo/vendor/laravel/framework/src/Illuminate/Foundation/Http/Kernel.php(138): Illuminate\Foundation\Http\Kernel->renderException(Object(Illuminate\Http\Request), Object(ParseError))
#8 /home2/cambridgeedu/test.cambridge.edu.jo/public/index.php(52): Illuminate\Foundation\Http\Kernel->handle(Object(Illuminate\Http\Request))
#9 {main}
  thrown in /home2/cambridgeedu/test.cambridge.edu.jo/vendor/laravel/framework/src/Illuminate/Support/Facades/Facade.php on line 335
[01-Apr-2023 00:36:20 UTC] PHP Fatal error:  Uncaught RuntimeException: A facade root has not been set. in /home2/cambridgeedu/test.cambridge.edu.jo/vendor/laravel/framework/src/Illuminate/Support/Facades/Facade.php:335
Stack trace:
#0 /home2/cambridgeedu/test.cambridge.edu.jo/vendor/laravel/framework/src/Illuminate/Foundation/Exceptions/RegisterErrorViewPaths.php(18): Illuminate\Support\Facades\Facade::__callStatic('replaceNamespac...', Array)
#1 /home2/cambridgeedu/test.cambridge.edu.jo/vendor/laravel/framework/src/Illuminate/Foundation/Exceptions/Handler.php(642): Illuminate\Foundation\Exceptions\RegisterErrorViewPaths->__invoke()
#2 /home2/cambridgeedu/test.cambridge.edu.jo/vendor/laravel/framework/src/Illuminate/Foundation/Exceptions/Handler.php(623): Illuminate\Foundation\Exceptions\Handler->registerErrorViewPaths()
#3 /home2/cambridgeedu/test.cambridge.edu.jo/vendor/laravel/framework/src/Illuminate/Foundation/Exceptions/Handler.php(554): Illuminate\Foundation\Exceptions\Handler->renderHttpException(Object(Symfony\Component\HttpKernel\Exception\HttpException))
#4 /home2/cambridgeedu/test.cambridge.edu.jo/vendor/laravel/framework/src/Illuminate/Foundation/Exceptions/Handler.php(460): Illuminate\Foundation\Exceptions\Handler->prepareResponse(Object(Illuminate\Http\Request), Object(Symfony\Component\HttpKernel\Exception\HttpException))
#5 /home2/cambridgeedu/test.cambridge.edu.jo/vendor/laravel/framework/src/Illuminate/Foundation/Exceptions/Handler.php(377): Illuminate\Foundation\Exceptions\Handler->renderExceptionResponse(Object(Illuminate\Http\Request), Object(ParseError))
#6 /home2/cambridgeedu/test.cambridge.edu.jo/vendor/laravel/framework/src/Illuminate/Foundation/Http/Kernel.php(493): Illuminate\Foundation\Exceptions\Handler->render(Object(Illuminate\Http\Request), Object(ParseError))
#7 /home2/cambridgeedu/test.cambridge.edu.jo/vendor/laravel/framework/src/Illuminate/Foundation/Http/Kernel.php(138): Illuminate\Foundation\Http\Kernel->renderException(Object(Illuminate\Http\Request), Object(ParseError))
#8 /home2/cambridgeedu/test.cambridge.edu.jo/public/index.php(52): Illuminate\Foundation\Http\Kernel->handle(Object(Illuminate\Http\Request))
#9 {main}
  thrown in /home2/cambridgeedu/test.cambridge.edu.jo/vendor/laravel/framework/src/Illuminate/Support/Facades/Facade.php on line 335
[01-Apr-2023 00:36:21 UTC] PHP Fatal error:  Uncaught RuntimeException: A facade root has not been set. in /home2/cambridgeedu/test.cambridge.edu.jo/vendor/laravel/framework/src/Illuminate/Support/Facades/Facade.php:335
Stack trace:
#0 /home2/cambridgeedu/test.cambridge.edu.jo/vendor/laravel/framework/src/Illuminate/Foundation/Exceptions/RegisterErrorViewPaths.php(18): Illuminate\Support\Facades\Facade::__callStatic('replaceNamespac...', Array)
#1 /home2/cambridgeedu/test.cambridge.edu.jo/vendor/laravel/framework/src/Illuminate/Foundation/Exceptions/Handler.php(642): Illuminate\Foundation\Exceptions\RegisterErrorViewPaths->__invoke()
#2 /home2/cambridgeedu/test.cambridge.edu.jo/vendor/laravel/framework/src/Illuminate/Foundation/Exceptions/Handler.php(623): Illuminate\Foundation\Exceptions\Handler->registerErrorViewPaths()
#3 /home2/cambridgeedu/test.cambridge.edu.jo/vendor/laravel/framework/src/Illuminate/Foundation/Exceptions/Handler.php(554): Illuminate\Foundation\Exceptions\Handler->renderHttpException(Object(Symfony\Component\HttpKernel\Exception\HttpException))
#4 /home2/cambridgeedu/test.cambridge.edu.jo/vendor/laravel/framework/src/Illuminate/Foundation/Exceptions/Handler.php(460): Illuminate\Foundation\Exceptions\Handler->prepareResponse(Object(Illuminate\Http\Request), Object(Symfony\Component\HttpKernel\Exception\HttpException))
#5 /home2/cambridgeedu/test.cambridge.edu.jo/vendor/laravel/framework/src/Illuminate/Foundation/Exceptions/Handler.php(377): Illuminate\Foundation\Exceptions\Handler->renderExceptionResponse(Object(Illuminate\Http\Request), Object(ParseError))
#6 /home2/cambridgeedu/test.cambridge.edu.jo/vendor/laravel/framework/src/Illuminate/Foundation/Http/Kernel.php(493): Illuminate\Foundation\Exceptions\Handler->render(Object(Illuminate\Http\Request), Object(ParseError))
#7 /home2/cambridgeedu/test.cambridge.edu.jo/vendor/laravel/framework/src/Illuminate/Foundation/Http/Kernel.php(138): Illuminate\Foundation\Http\Kernel->renderException(Object(Illuminate\Http\Request), Object(ParseError))
#8 /home2/cambridgeedu/test.cambridge.edu.jo/public/index.php(52): Illuminate\Foundation\Http\Kernel->handle(Object(Illuminate\Http\Request))
#9 {main}
  thrown in /home2/cambridgeedu/test.cambridge.edu.jo/vendor/laravel/framework/src/Illuminate/Support/Facades/Facade.php on line 335
